<?xml version="1.0" encoding="UTF-8"?>
<testng-results ignored="0" total="2" passed="2" failed="0" skipped="0">
  <reporter-output>
  </reporter-output>
  <suite started-at="2022-09-22T09:35:09 IST" name="Default suite" finished-at="2022-09-22T09:35:09 IST" duration-ms="49">
    <groups>
    </groups>
    <test started-at="2022-09-22T09:35:09 IST" name="Default test" finished-at="2022-09-22T09:35:09 IST" duration-ms="49">
      <class name="ui.LoginTest">
        <test-method is-config="true" signature="loginToTheApplication()[pri:0, instance:ui.LoginTest@5e0826e7]" started-at="2022-09-22T09:35:09 IST" name="loginToTheApplication" finished-at="2022-09-22T09:35:09 IST" duration-ms="7" status="PASS">
          <reporter-output>
          </reporter-output>
        </test-method> <!-- loginToTheApplication -->
        <test-method is-config="true" signature="connectToDB()[pri:0, instance:ui.LoginTest@5e0826e7]" started-at="2022-09-22T09:35:09 IST" name="connectToDB" finished-at="2022-09-22T09:35:09 IST" duration-ms="0" status="PASS">
          <reporter-output>
          </reporter-output>
        </test-method> <!-- connectToDB -->
        <test-method signature="loginTest()[pri:1, instance:ui.LoginTest@5e0826e7]" started-at="2022-09-22T09:35:09 IST" name="loginTest" description="This is login test" finished-at="2022-09-22T09:35:09 IST" duration-ms="6" status="PASS">
          <reporter-output>
          </reporter-output>
        </test-method> <!-- loginTest -->
        <test-method is-config="true" signature="disconnectToDB()[pri:0, instance:ui.LoginTest@5e0826e7]" started-at="2022-09-22T09:35:09 IST" name="disconnectToDB" finished-at="2022-09-22T09:35:09 IST" duration-ms="1" status="PASS">
          <reporter-output>
          </reporter-output>
        </test-method> <!-- disconnectToDB -->
        <test-method is-config="true" signature="connectToDB()[pri:0, instance:ui.LoginTest@5e0826e7]" started-at="2022-09-22T09:35:09 IST" name="connectToDB" finished-at="2022-09-22T09:35:09 IST" duration-ms="1" status="PASS">
          <reporter-output>
          </reporter-output>
        </test-method> <!-- connectToDB -->
        <test-method signature="logoutTest()[pri:2, instance:ui.LoginTest@5e0826e7]" started-at="2022-09-22T09:35:09 IST" name="logoutTest" description="This is logout test" finished-at="2022-09-22T09:35:09 IST" duration-ms="1" status="PASS">
          <reporter-output>
          </reporter-output>
        </test-method> <!-- logoutTest -->
        <test-method is-config="true" signature="disconnectToDB()[pri:0, instance:ui.LoginTest@5e0826e7]" started-at="2022-09-22T09:35:09 IST" name="disconnectToDB" finished-at="2022-09-22T09:35:09 IST" duration-ms="1" status="PASS">
          <reporter-output>
          </reporter-output>
        </test-method> <!-- disconnectToDB -->
        <test-method is-config="true" signature="logoutFromTheApplication()[pri:0, instance:ui.LoginTest@5e0826e7]" started-at="2022-09-22T09:35:09 IST" name="logoutFromTheApplication" finished-at="2022-09-22T09:35:09 IST" duration-ms="1" status="PASS">
          <reporter-output>
          </reporter-output>
        </test-method> <!-- logoutFromTheApplication -->
      </class> <!-- ui.LoginTest -->
    </test> <!-- Default test -->
  </suite> <!-- Default suite -->
</testng-results>
